0 info it worked if it ends with ok
1 verbose cli [ 'node', '/usr/local/bin/npm', 'install', 'aerobatic-cli', '-g' ]
2 info using npm@2.11.3
3 info using node@v0.12.7
4 verbose install initial load of /usr/local/lib/package.json
5 verbose readDependencies loading dependencies from /usr/local/lib/package.json
6 silly cache add args [ 'aerobatic-cli', null ]
7 verbose cache add spec aerobatic-cli
8 silly cache add parsed spec { raw: 'aerobatic-cli',
8 silly cache add   scope: null,
8 silly cache add   name: 'aerobatic-cli',
8 silly cache add   rawSpec: '',
8 silly cache add   spec: '*',
8 silly cache add   type: 'range' }
9 silly addNamed aerobatic-cli@*
10 verbose addNamed "*" is a valid semver range for aerobatic-cli
11 silly addNameRange { name: 'aerobatic-cli', range: '*', hasData: false }
12 silly mapToRegistry name aerobatic-cli
13 silly mapToRegistry using default registry
14 silly mapToRegistry registry https://registry.npmjs.org/
15 silly mapToRegistry uri https://registry.npmjs.org/aerobatic-cli
16 verbose addNameRange registry:https://registry.npmjs.org/aerobatic-cli not in flight; fetching
17 verbose request uri https://registry.npmjs.org/aerobatic-cli
18 verbose request no auth needed
19 info attempt registry request try #1 at 10:13:23 PM
20 verbose request id 90fbec7d24921df5
21 http request GET https://registry.npmjs.org/aerobatic-cli
22 http 200 https://registry.npmjs.org/aerobatic-cli
23 silly get cb [ 200,
23 silly get   { server: 'nginx/1.10.1',
23 silly get     'content-type': 'application/json',
23 silly get     'last-modified': 'Fri, 24 Mar 2017 05:46:22 GMT',
23 silly get     etag: 'W/"58d4b2ae-13755"',
23 silly get     'content-encoding': 'gzip',
23 silly get     'cache-control': 'max-age=300',
23 silly get     'content-length': '6424',
23 silly get     'accept-ranges': 'bytes',
23 silly get     date: 'Tue, 28 Mar 2017 11:13:23 GMT',
23 silly get     via: '1.1 varnish',
23 silly get     age: '0',
23 silly get     connection: 'keep-alive',
23 silly get     'x-served-by': 'cache-bne7723-BNE',
23 silly get     'x-cache': 'MISS',
23 silly get     'x-cache-hits': '0',
23 silly get     'x-timer': 'S1490699603.188275,VS0,VE100',
23 silly get     vary: 'Accept-Encoding' } ]
24 verbose get saving aerobatic-cli to /Users/dugaldmorrow/.npm/registry.npmjs.org/aerobatic-cli/.cache.json
25 silly addNameRange number 2 { name: 'aerobatic-cli', range: '*', hasData: true }
26 silly addNameRange versions [ 'aerobatic-cli',
26 silly addNameRange   [ '1.0.0',
26 silly addNameRange     '1.0.1',
26 silly addNameRange     '1.0.2',
26 silly addNameRange     '1.0.3',
26 silly addNameRange     '1.0.4',
26 silly addNameRange     '1.0.5',
26 silly addNameRange     '1.0.6',
26 silly addNameRange     '1.0.7',
26 silly addNameRange     '1.0.8',
26 silly addNameRange     '1.0.9',
26 silly addNameRange     '1.0.10',
26 silly addNameRange     '1.0.11',
26 silly addNameRange     '1.0.12',
26 silly addNameRange     '1.0.13',
26 silly addNameRange     '1.0.14',
26 silly addNameRange     '1.0.15',
26 silly addNameRange     '1.0.16',
26 silly addNameRange     '1.0.17',
26 silly addNameRange     '1.0.18',
26 silly addNameRange     '1.0.20',
26 silly addNameRange     '1.0.21',
26 silly addNameRange     '1.0.22',
26 silly addNameRange     '1.0.23',
26 silly addNameRange     '1.0.24',
26 silly addNameRange     '1.0.25',
26 silly addNameRange     '1.0.26',
26 silly addNameRange     '1.0.27',
26 silly addNameRange     '1.0.28',
26 silly addNameRange     '1.0.29',
26 silly addNameRange     '1.0.30',
26 silly addNameRange     '1.0.31',
26 silly addNameRange     '1.0.32',
26 silly addNameRange     '1.0.33',
26 silly addNameRange     '1.0.34',
26 silly addNameRange     '1.0.35' ] ]
27 silly addNamed aerobatic-cli@1.0.35
28 verbose addNamed "1.0.35" is a plain semver version for aerobatic-cli
29 silly mapToRegistry name aerobatic-cli
30 silly mapToRegistry using default registry
31 silly mapToRegistry registry https://registry.npmjs.org/
32 silly mapToRegistry uri https://registry.npmjs.org/aerobatic-cli
33 verbose addRemoteTarball https://registry.npmjs.org/aerobatic-cli/-/aerobatic-cli-1.0.35.tgz not in flight; adding
34 verbose addRemoteTarball [ 'https://registry.npmjs.org/aerobatic-cli/-/aerobatic-cli-1.0.35.tgz',
34 verbose addRemoteTarball   '096697ed8e48380460b26a48e104efb6a172a75d' ]
35 info retry fetch attempt 1 at 10:13:23 PM
36 info attempt registry request try #1 at 10:13:23 PM
37 http fetch GET https://registry.npmjs.org/aerobatic-cli/-/aerobatic-cli-1.0.35.tgz
38 http fetch 200 https://registry.npmjs.org/aerobatic-cli/-/aerobatic-cli-1.0.35.tgz
39 silly fetchAndShaCheck shasum 096697ed8e48380460b26a48e104efb6a172a75d
40 verbose addTmpTarball /var/folders/53/44pz6m8j4x74rcf883dh5whw0000gn/T/npm-85490-36440141/registry.npmjs.org/aerobatic-cli/-/aerobatic-cli-1.0.35.tgz not in flight; adding
41 verbose addTmpTarball already have metadata; skipping unpack for aerobatic-cli@1.0.35
42 silly cache afterAdd aerobatic-cli@1.0.35
43 verbose afterAdd /Users/dugaldmorrow/.npm/aerobatic-cli/1.0.35/package/package.json not in flight; writing
44 verbose afterAdd /Users/dugaldmorrow/.npm/aerobatic-cli/1.0.35/package/package.json written
45 silly install resolved [ { name: 'aerobatic-cli',
45 silly install resolved     version: '1.0.35',
45 silly install resolved     description: 'Command line interface for Aerobatic static hosting platform',
45 silly install resolved     main: 'bin/aero',
45 silly install resolved     bin: { aero: './bin/aero.js' },
45 silly install resolved     preferGlobal: true,
45 silly install resolved     scripts:
45 silly install resolved      { test: 'UNIT_TEST=1 mocha test --recursive',
45 silly install resolved        'test-travis': 'UNIT_TEST=1 istanbul cover mocha --report lcovonly -- --reporter spec --check-leaks test/ --recursive' },
45 silly install resolved     license: 'ISC',
45 silly install resolved     repository:
45 silly install resolved      { type: 'git',
45 silly install resolved        url: 'git+https://github.com/aerobatic/aerobatic-cli.git' },
45 silly install resolved     homepage: 'https://www.aerobatic.com',
45 silly install resolved     dependencies:
45 silly install resolved      { 'any-promise': '^1.3.0',
45 silly install resolved        'aws-config': '^1.1.3',
45 silly install resolved        'aws-sdk': '^2.6.12',
45 silly install resolved        bluebird: '^3.4.6',
45 silly install resolved        'bluebird-retry': '^0.10.1',
45 silly install resolved        'camel-case': '^3.0.0',
45 silly install resolved        chalk: '^1.1.3',
45 silly install resolved        'cli-spinner': '^0.2.5',
45 silly install resolved        'comma-number': '^1.1.0',
45 silly install resolved        commander: '^2.9.0',
45 silly install resolved        config: '^1.21.0',
45 silly install resolved        dotenv: '^4.0.0',
45 silly install resolved        'file-type': '^3.9.0',
45 silly install resolved        filesize: '^3.3.0',
45 silly install resolved        'fs-promise': '^0.5.0',
45 silly install resolved        inquirer: '^1.2.2',
45 silly install resolved        isemail: '^2.2.1',
45 silly install resolved        'js-yaml': '^3.6.1',
45 silly install resolved        lodash: '^4.16.4',
45 silly install resolved        minimatch: '^3.0.3',
45 silly install resolved        osenv: '^0.1.3',
45 silly install resolved        'promise-until': '^1.0.0',
45 silly install resolved        request: '^2.75.0',
45 silly install resolved        'request-promise': '^4.1.1',
45 silly install resolved        's3-upload-stream': '^1.0.7',
45 silly install resolved        'simple-errors': '^1.0.1',
45 silly install resolved        'tar-pack': '^3.3.0',
45 silly install resolved        unzip: '^0.1.11',
45 silly install resolved        'update-notifier': '^1.0.2',
45 silly install resolved        'url-join': '^1.1.0',
45 silly install resolved        uuid: '^3.0.1',
45 silly install resolved        winston: '^2.2.0',
45 silly install resolved        wordwrap: '^1.0.0' },
45 silly install resolved     devDependencies:
45 silly install resolved      { 'body-parser': '^1.15.2',
45 silly install resolved        chai: '^3.5.0',
45 silly install resolved        'dash-assert': '^1.2.0',
45 silly install resolved        eslint: '^3.8.1',
45 silly install resolved        'eslint-config-airbnb-base': '^9.0.0',
45 silly install resolved        'eslint-plugin-import': '^2.0.1',
45 silly install resolved        'eslint-plugin-jsx-a11y': '^2.2.3',
45 silly install resolved        'eslint-plugin-react': '^6.4.1',
45 silly install resolved        express: '^4.14.0',
45 silly install resolved        istanbul: '^0.4.5',
45 silly install resolved        mocha: '^3.1.2',
45 silly install resolved        rimraf: '^2.5.4',
45 silly install resolved        sinon: '^1.17.6',
45 silly install resolved        'sinon-chai': '^2.8.0' },
45 silly install resolved     engines: { node: '>=4' },
45 silly install resolved     gitHead: '322d4098a7e07eb72abfd8d6cf65460592dafc50',
45 silly install resolved     bugs: { url: 'https://github.com/aerobatic/aerobatic-cli/issues' },
45 silly install resolved     _id: 'aerobatic-cli@1.0.35',
45 silly install resolved     _shasum: '096697ed8e48380460b26a48e104efb6a172a75d',
45 silly install resolved     _from: 'aerobatic-cli@*',
45 silly install resolved     _npmVersion: '3.10.10',
45 silly install resolved     _nodeVersion: '6.9.5',
45 silly install resolved     _npmUser: { name: 'aerobatic', email: 'orville@aerobatic.io' },
45 silly install resolved     dist:
45 silly install resolved      { shasum: '096697ed8e48380460b26a48e104efb6a172a75d',
45 silly install resolved        tarball: 'https://registry.npmjs.org/aerobatic-cli/-/aerobatic-cli-1.0.35.tgz' },
45 silly install resolved     maintainers: [ [Object] ],
45 silly install resolved     _npmOperationalInternal:
45 silly install resolved      { host: 'packages-12-west.internal.npmjs.com',
45 silly install resolved        tmp: 'tmp/aerobatic-cli-1.0.35.tgz_1490334382176_0.5687456999439746' },
45 silly install resolved     directories: {},
45 silly install resolved     _resolved: 'https://registry.npmjs.org/aerobatic-cli/-/aerobatic-cli-1.0.35.tgz' } ]
46 info install aerobatic-cli@1.0.35 into /usr/local/lib
47 info installOne aerobatic-cli@1.0.35
48 verbose installOne of aerobatic-cli to /usr/local/lib not in flight; installing
49 verbose lock using /Users/dugaldmorrow/.npm/_locks/aerobatic-cli-63dbea27ee4af657.lock for /usr/local/lib/node_modules/aerobatic-cli
50 warn engine aerobatic-cli@1.0.35: wanted: {"node":">=4"} (current: {"node":"0.12.7","npm":"2.11.3"})
51 silly install write writing aerobatic-cli 1.0.35 to /usr/local/lib/node_modules/aerobatic-cli
52 verbose unbuild lib/node_modules/aerobatic-cli
53 silly gentlyRm /usr/local/lib/node_modules/aerobatic-cli is being purged from base /usr/local
54 verbose gentlyRm don't care about contents; nuking /usr/local/lib/node_modules/aerobatic-cli
55 verbose tar unpack /Users/dugaldmorrow/.npm/aerobatic-cli/1.0.35/package.tgz
56 verbose tar unpacking to /usr/local/lib/node_modules/aerobatic-cli
57 silly gentlyRm /usr/local/lib/node_modules/aerobatic-cli is being purged
58 verbose gentlyRm don't care about contents; nuking /usr/local/lib/node_modules/aerobatic-cli
59 silly gunzTarPerm modes [ '755', '644' ]
60 error tar.unpack untar error /Users/dugaldmorrow/.npm/aerobatic-cli/1.0.35/package.tgz
61 verbose unlock done using /Users/dugaldmorrow/.npm/_locks/aerobatic-cli-63dbea27ee4af657.lock for /usr/local/lib/node_modules/aerobatic-cli
62 verbose fstream_path /usr/local/lib/node_modules/aerobatic-cli
63 verbose fstream_type Directory
64 verbose fstream_class DirWriter
65 verbose stack Error: EACCES, mkdir '/usr/local/lib/node_modules/aerobatic-cli'
65 verbose stack     at Error (native)
66 verbose fstream_stack /usr/local/lib/node_modules/npm/node_modules/fstream/lib/dir-writer.js:35:25
66 verbose fstream_stack /usr/local/lib/node_modules/npm/node_modules/mkdirp/index.js:47:53
66 verbose fstream_stack FSReqWrap.oncomplete (fs.js:95:15)
67 verbose cwd /Users/dugaldmorrow/Documents/Development/MaprosoftTeam/maprosoft-trello-power-up
68 error Darwin 16.4.0
69 error argv "node" "/usr/local/bin/npm" "install" "aerobatic-cli" "-g"
70 error node v0.12.7
71 error npm  v2.11.3
72 error path /usr/local/lib/node_modules/aerobatic-cli
73 error code EACCES
74 error errno -13
75 error Error: EACCES, mkdir '/usr/local/lib/node_modules/aerobatic-cli'
75 error     at Error (native)
75 error  { [Error: EACCES, mkdir '/usr/local/lib/node_modules/aerobatic-cli']
75 error   errno: -13,
75 error   code: 'EACCES',
75 error   path: '/usr/local/lib/node_modules/aerobatic-cli',
75 error   fstream_type: 'Directory',
75 error   fstream_path: '/usr/local/lib/node_modules/aerobatic-cli',
75 error   fstream_class: 'DirWriter',
75 error   fstream_stack:
75 error    [ '/usr/local/lib/node_modules/npm/node_modules/fstream/lib/dir-writer.js:35:25',
75 error      '/usr/local/lib/node_modules/npm/node_modules/mkdirp/index.js:47:53',
75 error      'FSReqWrap.oncomplete (fs.js:95:15)' ] }
76 error Please try running this command again as root/Administrator.
77 verbose exit [ -13, true ]
78 verbose unbuild lib/node_modules/aerobatic-cli
79 silly gentlyRm /usr/local/lib/node_modules/aerobatic-cli is being purged from base /usr/local
80 verbose gentlyRm don't care about contents; nuking /usr/local/lib/node_modules/aerobatic-cli
